SF:lib/core/network/d_dio.dart
DA:5,9
DA:15,3
DA:16,9
DA:18,9
DA:19,3
DA:20,3
DA:21,3
DA:22,3
DA:27,2
DA:28,6
DA:32,4
DA:36,0
DA:40,0
DA:44,1
DA:51,2
DA:60,0
DA:69,0
DA:80,0
DA:89,0
DA:100,0
DA:107,0
LF:21
LH:13
end_of_record
SF:lib/core/network/network_info.dart
DA:10,2
DA:12,1
DA:13,2
LF:3
LH:3
end_of_record
SF:lib/providers/dog_breed_provider.dart
DA:18,3
DA:24,4
DA:28,2
DA:30,2
DA:31,2
DA:33,6
DA:35,2
DA:36,2
DA:40,2
DA:41,1
DA:42,3
DA:43,3
DA:45,3
DA:46,3
DA:48,1
DA:51,1
DA:53,1
DA:54,1
DA:55,1
DA:58,2
DA:59,1
LF:21
LH:21
end_of_record
SF:lib/models/dog_breed_model.g.dart
DA:9,1
DA:10,1
DA:11,1
DA:12,1
DA:13,1
DA:17,0
DA:18,0
DA:19,0
DA:20,0
LF:9
LH:5
end_of_record
SF:lib/models/dog_breed_model.dart
DA:12,2
DA:14,1
DA:15,1
DA:17,0
DA:19,1
DA:20,4
LF:6
LH:5
end_of_record
SF:lib/core/provider/loading_error_provider.dart
DA:8,2
DA:10,0
DA:12,2
DA:13,2
DA:16,0
DA:17,0
LF:6
LH:3
end_of_record
SF:lib/injection.dart
DA:9,6
DA:11,2
DA:12,6
DA:14,2
DA:15,6
DA:17,4
DA:18,10
DA:20,4
DA:21,6
LF:9
LH:9
end_of_record
SF:lib/main.dart
DA:9,0
DA:10,0
DA:12,0
DA:16,0
DA:17,0
DA:21,0
DA:23,0
DA:24,0
DA:25,0
DA:26,0
DA:28,0
DA:31,0
DA:34,0
DA:35,0
DA:36,0
LF:15
LH:0
end_of_record
SF:lib/screens/another_screen/another_screen.dart
DA:10,0
DA:13,0
DA:15,0
DA:16,0
DA:17,0
DA:19,0
DA:20,0
DA:22,0
DA:23,0
DA:24,0
DA:25,0
DA:27,0
DA:28,0
DA:29,0
LF:14
LH:0
end_of_record
SF:lib/screens/home/home.dart
DA:10,1
DA:11,1
DA:15,1
DA:17,1
DA:19,2
DA:20,3
DA:24,1
DA:26,1
DA:27,1
DA:28,1
DA:29,1
DA:31,1
DA:32,1
DA:33,1
DA:34,2
DA:35,2
DA:38,1
DA:39,2
DA:40,2
LF:19
LH:19
end_of_record
SF:lib/screens/another_screen/dog_info_circle/dog_info_circle.dart
DA:7,0
DA:9,0
DA:11,0
DA:12,0
DA:13,0
DA:14,0
DA:15,0
DA:17,0
DA:18,0
DA:19,0
DA:22,0
DA:23,0
DA:29,0
DA:30,0
DA:31,0
DA:33,0
DA:35,0
DA:43,0
DA:44,0
DA:45,0
DA:46,0
LF:21
LH:0
end_of_record
SF:lib/screens/home/change_button/change_button.dart
DA:9,4
DA:11,2
DA:12,2
DA:16,2
DA:19,2
DA:21,2
DA:22,2
DA:23,0
DA:24,0
DA:25,0
DA:29,4
DA:30,1
DA:31,1
DA:32,2
LF:14
LH:11
end_of_record
SF:lib/screens/home/dog_info/dog_info.dart
DA:8,4
DA:10,2
DA:12,2
DA:14,2
DA:15,2
DA:16,2
DA:19,2
DA:20,2
DA:22,2
DA:23,2
DA:24,5
DA:25,2
DA:26,2
DA:28,2
DA:29,5
DA:30,2
DA:32,2
DA:33,0
DA:34,0
DA:36,2
DA:44,2
DA:45,6
DA:46,1
DA:47,1
DA:49,3
DA:57,2
DA:58,3
DA:59,2
DA:60,2
DA:64,3
DA:65,0
DA:66,0
DA:69,0
DA:70,0
DA:75,0
LF:35
LH:28
end_of_record
